  [1m[35m (2.6ms)[0m  [1m[34mSELECT "schema_migrations"."version" FROM "schema_migrations" ORDER BY "schema_migrations"."version" ASC[0m
  [1m[35m (40.1ms)[0m  [1m[34mSELECT "ar_internal_metadata"."value" FROM "ar_internal_metadata" WHERE "ar_internal_metadata"."key" = $1[0m  [["key", "environment"]]
  [1m[35m (0.4ms)[0m  [1m[34mSELECT "schema_migrations"."version" FROM "schema_migrations" ORDER BY "schema_migrations"."version" ASC[0m
  [1m[35m (0.3ms)[0m  [1m[34mSELECT "ar_internal_metadata"."value" FROM "ar_internal_metadata" WHERE "ar_internal_metadata"."key" = $1[0m  [["key", "environment"]]
  [1m[35m (0.2ms)[0m  [1m[34mSELECT "schema_migrations"."version" FROM "schema_migrations" ORDER BY "schema_migrations"."version" ASC[0m
  [1m[35m (0.3ms)[0m  [1m[34mSELECT "ar_internal_metadata"."value" FROM "ar_internal_metadata" WHERE "ar_internal_metadata"."key" = $1[0m  [["key", "environment"]]
  [1m[35m (81.1ms)[0m  [1m[35mDROP DATABASE IF EXISTS "mita_development"[0m
  [1m[35m (70.6ms)[0m  [1m[35mDROP DATABASE IF EXISTS "mita_test"[0m
  [1m[35m (223.0ms)[0m  [1m[35mCREATE DATABASE "mita_development" ENCODING = 'unicode'[0m
  [1m[35m (133.9ms)[0m  [1m[35mCREATE DATABASE "mita_test" ENCODING = 'unicode'[0m
  [1m[35m (8.5ms)[0m  [1m[35mCREATE TABLE "schema_migrations" ("version" character varying NOT NULL PRIMARY KEY)[0m
  [1m[35m (7.4ms)[0m  [1m[35mCREATE TABLE "ar_internal_metadata" ("key" character varying NOT NULL PRIMARY KEY, "value" character varying, "created_at" timestamp(6) NOT NULL, "updated_at" timestamp(6) NOT NULL)[0m
  [1m[35m (0.2ms)[0m  [1m[34mSELECT pg_try_advisory_lock(1581094751491726485)[0m
  [1m[35m (0.8ms)[0m  [1m[34mSELECT "schema_migrations"."version" FROM "schema_migrations" ORDER BY "schema_migrations"."version" ASC[0m
  [1m[36mActiveRecord::InternalMetadata Load (0.6ms)[0m  [1m[34mSELECT "ar_internal_metadata".* FROM "ar_internal_metadata" WHERE "ar_internal_metadata"."key" = $1 LIMIT $2[0m  [["key", "environment"], ["LIMIT", 1]]
  [1m[35m (0.2ms)[0m  [1m[35mBEGIN[0m
  [1m[36mActiveRecord::InternalMetadata Create (0.8ms)[0m  [1m[32mINSERT INTO "ar_internal_metadata" ("key", "value", "created_at", "updated_at") VALUES ($1, $2, $3, $4) RETURNING "key"[0m  [["key", "environment"], ["value", "development"], ["created_at", "2021-07-06 12:39:57.683170"], ["updated_at", "2021-07-06 12:39:57.683170"]]
  [1m[35m (1.2ms)[0m  [1m[35mCOMMIT[0m
  [1m[35m (0.3ms)[0m  [1m[34mSELECT pg_advisory_unlock(1581094751491726485)[0m
  [1m[35m (0.8ms)[0m  [1m[34mSELECT "schema_migrations"."version" FROM "schema_migrations" ORDER BY "schema_migrations"."version" ASC[0m
  [1m[35m (0.3ms)[0m  [1m[34mSELECT pg_try_advisory_lock(1581094751491726485)[0m
  [1m[35m (1.0ms)[0m  [1m[34mSELECT "schema_migrations"."version" FROM "schema_migrations" ORDER BY "schema_migrations"."version" ASC[0m
Migrating to DeviseCreateUsers (20210706124025)
  [1m[35m (0.2ms)[0m  [1m[35mBEGIN[0m
  [1m[35m (30.3ms)[0m  [1m[35mCREATE TABLE "users" ("id" bigserial primary key, "email" character varying DEFAULT '' NOT NULL, "encrypted_password" character varying DEFAULT '' NOT NULL, "reset_password_token" character varying, "reset_password_sent_at" timestamp, "remember_created_at" timestamp, "created_at" timestamp(6) NOT NULL, "updated_at" timestamp(6) NOT NULL)[0m
  [1m[35m (2.6ms)[0m  [1m[35mCREATE UNIQUE INDEX  "index_users_on_email" ON "users"  ("email")[0m
  [1m[35m (2.1ms)[0m  [1m[35mCREATE UNIQUE INDEX  "index_users_on_reset_password_token" ON "users"  ("reset_password_token")[0m
  [1m[36mActiveRecord::SchemaMigration Create (0.7ms)[0m  [1m[32mINSERT INTO "schema_migrations" ("version") VALUES ($1) RETURNING "version"[0m  [["version", "20210706124025"]]
  [1m[35m (2.3ms)[0m  [1m[35mCOMMIT[0m
  [1m[36mActiveRecord::InternalMetadata Load (0.7ms)[0m  [1m[34mSELECT "ar_internal_metadata".* FROM "ar_internal_metadata" WHERE "ar_internal_metadata"."key" = $1 LIMIT $2[0m  [["key", "environment"], ["LIMIT", 1]]
  [1m[35m (0.4ms)[0m  [1m[34mSELECT pg_advisory_unlock(1581094751491726485)[0m
  [1m[35m (1.0ms)[0m  [1m[34mSELECT "schema_migrations"."version" FROM "schema_migrations" ORDER BY "schema_migrations"."version" ASC[0m
Started GET "/" for ::1 at 2021-07-06 16:07:42 +0200
  [1m[35m (42.4ms)[0m  [1m[34mSELECT "schema_migrations"."version" FROM "schema_migrations" ORDER BY "schema_migrations"."version" ASC[0m
Processing by PagesController#home as HTML
  Rendering pages/home.html.erb within layouts/application
  Rendered pages/home.html.erb within layouts/application (Duration: 3.7ms | Allocations: 377)
[Webpacker] Compiling...
[Webpacker] Compiled all packs in /Users/macbookair11/code/ahmedkucuk23/mita/mita/mita/public/packs
[Webpacker] Though the "loose" option was set to "false" in your @babel/preset-env config, it will not be used for @babel/plugin-proposal-private-methods since the "loose" mode option was set to "true" for @babel/plugin-proposal-class-properties.
The "loose" option must be the same for @babel/plugin-proposal-class-properties, @babel/plugin-proposal-private-methods and @babel/plugin-proposal-private-property-in-object (when they are enabled): you can silence this warning by explicitly adding
	["@babel/plugin-proposal-private-methods", { "loose": true }]
to the "plugins" section of your Babel config.
Though the "loose" option was set to "false" in your @babel/preset-env config, it will not be used for @babel/plugin-proposal-private-methods since the "loose" mode option was set to "true" for @babel/plugin-proposal-class-properties.
The "loose" option must be the same for @babel/plugin-proposal-class-properties, @babel/plugin-proposal-private-methods and @babel/plugin-proposal-private-property-in-object (when they are enabled): you can silence this warning by explicitly adding
	["@babel/plugin-proposal-private-methods", { "loose": true }]
to the "plugins" section of your Babel config.

[Webpacker] Hash: 60c5b04edc357e970ab6
Version: webpack 4.46.0
Time: 2284ms
Built at: 07/06/2021 4:07:51 PM
                                     Asset       Size       Chunks                         Chunk Names
    js/application-f888219292dfc32aefba.js    618 KiB  application  [emitted] [immutable]  application
js/application-f888219292dfc32aefba.js.map    756 KiB  application  [emitted] [dev]        application
                             manifest.json  364 bytes               [emitted]              
Entrypoint application = js/application-f888219292dfc32aefba.js js/application-f888219292dfc32aefba.js.map
[./app/javascript/channels sync recursive _channel\.js$] ./app/javascript/channels sync _channel\.js$ 160 bytes {application} [built]
[./app/javascript/channels/index.js] 211 bytes {application} [built]
[./app/javascript/packs/application.js] 1.18 KiB {application} [built]
[./node_modules/webpack/buildin/global.js] (webpack)/buildin/global.js 472 bytes {application} [built]
    + 6 hidden modules

  Rendered shared/_navbar.html.erb (Duration: 5.3ms | Allocations: 615)
  Rendered shared/_flashes.html.erb (Duration: 2.0ms | Allocations: 190)
Completed 200 OK in 9401ms (Views: 9381.7ms | ActiveRecord: 0.0ms | Allocations: 137472)


Started GET "/" for ::1 at 2021-07-06 16:07:54 +0200
Processing by PagesController#home as HTML
  Rendering pages/home.html.erb within layouts/application
  Rendered pages/home.html.erb within layouts/application (Duration: 0.1ms | Allocations: 5)
[Webpacker] Everything's up-to-date. Nothing to do
  Rendered shared/_navbar.html.erb (Duration: 0.9ms | Allocations: 172)
  Rendered shared/_flashes.html.erb (Duration: 0.1ms | Allocations: 21)
Completed 200 OK in 38ms (Views: 36.1ms | ActiveRecord: 0.0ms | Allocations: 10786)


Started GET "/users/sign_in" for ::1 at 2021-07-06 16:07:56 +0200
Processing by Devise::SessionsController#new as HTML
  Rendering devise/sessions/new.html.erb within layouts/application
  Rendered devise/shared/_links.html.erb (Duration: 2.5ms | Allocations: 620)
  Rendered devise/sessions/new.html.erb within layouts/application (Duration: 215.8ms | Allocations: 28622)
[Webpacker] Everything's up-to-date. Nothing to do
  Rendered shared/_navbar.html.erb (Duration: 0.3ms | Allocations: 136)
  Rendered shared/_flashes.html.erb (Duration: 0.1ms | Allocations: 23)
Completed 200 OK in 266ms (Views: 238.6ms | ActiveRecord: 5.8ms | Allocations: 46872)


Started GET "/users/sign_up" for ::1 at 2021-07-06 16:07:58 +0200
Processing by Devise::RegistrationsController#new as HTML
  Rendering devise/registrations/new.html.erb within layouts/application
  Rendered devise/shared/_links.html.erb (Duration: 0.4ms | Allocations: 124)
  Rendered devise/registrations/new.html.erb within layouts/application (Duration: 23.0ms | Allocations: 6777)
[Webpacker] Everything's up-to-date. Nothing to do
  Rendered shared/_navbar.html.erb (Duration: 0.6ms | Allocations: 136)
  Rendered shared/_flashes.html.erb (Duration: 0.1ms | Allocations: 23)
Completed 200 OK in 50ms (Views: 46.6ms | ActiveRecord: 0.0ms | Allocations: 18385)


Started GET "/users/sign_up" for ::1 at 2021-07-06 16:08:03 +0200
Processing by Devise::RegistrationsController#new as HTML
  Rendering devise/registrations/new.html.erb within layouts/application
  Rendered devise/shared/_links.html.erb (Duration: 0.5ms | Allocations: 79)
  Rendered devise/registrations/new.html.erb within layouts/application (Duration: 16.7ms | Allocations: 6026)
[Webpacker] Everything's up-to-date. Nothing to do
  Rendered shared/_navbar.html.erb (Duration: 1.7ms | Allocations: 131)
  Rendered shared/_flashes.html.erb (Duration: 0.1ms | Allocations: 21)
Completed 200 OK in 51ms (Views: 49.4ms | ActiveRecord: 0.0ms | Allocations: 16850)


Started GET "/" for ::1 at 2021-07-06 16:08:06 +0200
Processing by PagesController#home as HTML
  Rendering pages/home.html.erb within layouts/application
  Rendered pages/home.html.erb within layouts/application (Duration: 0.1ms | Allocations: 5)
[Webpacker] Everything's up-to-date. Nothing to do
  Rendered shared/_navbar.html.erb (Duration: 0.4ms | Allocations: 172)
  Rendered shared/_flashes.html.erb (Duration: 0.1ms | Allocations: 23)
Completed 200 OK in 43ms (Views: 41.5ms | ActiveRecord: 0.0ms | Allocations: 10796)


Started GET "/users/sign_in" for ::1 at 2021-07-06 16:08:11 +0200
Processing by Devise::SessionsController#new as HTML
  Rendering devise/sessions/new.html.erb within layouts/application
  Rendered devise/shared/_links.html.erb (Duration: 0.2ms | Allocations: 134)
  Rendered devise/sessions/new.html.erb within layouts/application (Duration: 20.1ms | Allocations: 7804)
[Webpacker] Everything's up-to-date. Nothing to do
  Rendered shared/_navbar.html.erb (Duration: 0.2ms | Allocations: 136)
  Rendered shared/_flashes.html.erb (Duration: 0.1ms | Allocations: 23)
Completed 200 OK in 46ms (Views: 44.8ms | ActiveRecord: 0.0ms | Allocations: 18703)


Started GET "/users/sign_in" for ::1 at 2021-07-06 16:08:13 +0200
Processing by Devise::SessionsController#new as HTML
  Rendering devise/sessions/new.html.erb within layouts/application
  Rendered devise/shared/_links.html.erb (Duration: 0.4ms | Allocations: 134)
  Rendered devise/sessions/new.html.erb within layouts/application (Duration: 24.7ms | Allocations: 7795)
[Webpacker] Everything's up-to-date. Nothing to do
  Rendered shared/_navbar.html.erb (Duration: 0.3ms | Allocations: 131)
  Rendered shared/_flashes.html.erb (Duration: 0.1ms | Allocations: 21)
Completed 200 OK in 57ms (Views: 55.6ms | ActiveRecord: 0.0ms | Allocations: 18677)


Started GET "/" for ::1 at 2021-07-06 16:08:19 +0200
Processing by PagesController#home as HTML
  Rendering pages/home.html.erb within layouts/application
  Rendered pages/home.html.erb within layouts/application (Duration: 0.1ms | Allocations: 4)
[Webpacker] Everything's up-to-date. Nothing to do
  Rendered shared/_navbar.html.erb (Duration: 0.7ms | Allocations: 166)
  Rendered shared/_flashes.html.erb (Duration: 0.1ms | Allocations: 21)
Completed 200 OK in 40ms (Views: 38.0ms | ActiveRecord: 0.0ms | Allocations: 10775)


Started GET "/" for ::1 at 2021-07-08 13:38:49 +0200
Processing by PagesController#home as HTML
  Rendering pages/home.html.erb within layouts/application
  Rendered pages/home.html.erb within layouts/application (Duration: 5.7ms | Allocations: 85)
[Webpacker] Everything's up-to-date. Nothing to do
  Rendered shared/_navbar.html.erb (Duration: 3.2ms | Allocations: 470)
  Rendered shared/_flashes.html.erb (Duration: 2.1ms | Allocations: 182)
Completed 200 OK in 155ms (Views: 134.9ms | ActiveRecord: 0.0ms | Allocations: 12659)


Started GET "/" for ::1 at 2021-07-08 13:39:08 +0200
Processing by PagesController#home as HTML
  Rendering pages/home.html.erb within layouts/application
  Rendered pages/home.html.erb within layouts/application (Duration: 0.4ms | Allocations: 80)
[Webpacker] Everything's up-to-date. Nothing to do
  Rendered shared/_navbar.html.erb (Duration: 2.5ms | Allocations: 561)
  Rendered shared/_flashes.html.erb (Duration: 0.9ms | Allocations: 182)
Completed 200 OK in 49ms (Views: 47.4ms | ActiveRecord: 0.0ms | Allocations: 12733)


Started GET "/" for ::1 at 2021-07-08 13:40:22 +0200
Processing by PagesController#home as HTML
  Rendering pages/home.html.erb within layouts/application
  Rendered pages/home.html.erb within layouts/application (Duration: 0.4ms | Allocations: 80)
[Webpacker] Everything's up-to-date. Nothing to do
  Rendered shared/_navbar.html.erb (Duration: 1.9ms | Allocations: 700)
  Rendered shared/_flashes.html.erb (Duration: 0.4ms | Allocations: 182)
Completed 200 OK in 27ms (Views: 25.5ms | ActiveRecord: 0.0ms | Allocations: 12875)


Started GET "/" for ::1 at 2021-07-08 13:43:46 +0200
Processing by PagesController#home as HTML
  Rendering pages/home.html.erb within layouts/application
  Rendered pages/home.html.erb within layouts/application (Duration: 0.0ms | Allocations: 4)
[Webpacker] Everything's up-to-date. Nothing to do
  Rendered shared/_navbar.html.erb (Duration: 0.6ms | Allocations: 234)
  Rendered shared/_flashes.html.erb (Duration: 0.1ms | Allocations: 21)
Completed 200 OK in 3225ms (Views: 3224.6ms | ActiveRecord: 0.0ms | Allocations: 85308)


Started GET "/" for ::1 at 2021-07-08 13:44:14 +0200
Processing by PagesController#home as HTML
  Rendering pages/home.html.erb within layouts/application
  Rendered pages/home.html.erb within layouts/application (Duration: 0.1ms | Allocations: 4)
[Webpacker] Everything's up-to-date. Nothing to do
  Rendered shared/_navbar.html.erb (Duration: 1.6ms | Allocations: 232)
  Rendered shared/_flashes.html.erb (Duration: 0.3ms | Allocations: 21)
Completed 200 OK in 6770ms (Views: 6766.9ms | ActiveRecord: 0.0ms | Allocations: 88446)


Started GET "/" for ::1 at 2021-07-08 13:44:21 +0200
Processing by PagesController#home as HTML
  Rendering pages/home.html.erb within layouts/application
  Rendered pages/home.html.erb within layouts/application (Duration: 0.1ms | Allocations: 4)
[Webpacker] Everything's up-to-date. Nothing to do
  Rendered shared/_navbar.html.erb (Duration: 0.3ms | Allocations: 232)
  Rendered shared/_flashes.html.erb (Duration: 0.1ms | Allocations: 21)
Completed 200 OK in 38ms (Views: 36.4ms | ActiveRecord: 0.0ms | Allocations: 11555)


Started GET "/" for ::1 at 2021-07-08 13:44:33 +0200
Processing by PagesController#home as HTML
  Rendering pages/home.html.erb within layouts/application
  Rendered pages/home.html.erb within layouts/application (Duration: 0.1ms | Allocations: 4)
[Webpacker] Everything's up-to-date. Nothing to do
  Rendered shared/_navbar.html.erb (Duration: 0.4ms | Allocations: 232)
  Rendered shared/_flashes.html.erb (Duration: 0.1ms | Allocations: 21)
Completed 200 OK in 2324ms (Views: 2322.7ms | ActiveRecord: 0.0ms | Allocations: 92087)


Started GET "/" for ::1 at 2021-07-08 13:47:20 +0200
Processing by PagesController#home as HTML
  Rendering pages/home.html.erb within layouts/application
  Rendered pages/home.html.erb within layouts/application (Duration: 1.9ms | Allocations: 85)
[Webpacker] Everything's up-to-date. Nothing to do
  Rendered shared/_navbar.html.erb (Duration: 140.4ms | Allocations: 33600)
  Rendered shared/_flashes.html.erb (Duration: 1.5ms | Allocations: 182)
Completed 200 OK in 174ms (Views: 172.2ms | ActiveRecord: 0.0ms | Allocations: 46507)


Started GET "/" for ::1 at 2021-07-08 13:47:26 +0200
Processing by PagesController#home as HTML
  Rendering pages/home.html.erb within layouts/application
  Rendered pages/home.html.erb within layouts/application (Duration: 1.6ms | Allocations: 80)
[Webpacker] Everything's up-to-date. Nothing to do
  Rendered shared/_navbar.html.erb (Duration: 2.9ms | Allocations: 1135)
  Rendered shared/_flashes.html.erb (Duration: 0.7ms | Allocations: 182)
Completed 200 OK in 49ms (Views: 47.5ms | ActiveRecord: 0.0ms | Allocations: 14022)


Started GET "/" for ::1 at 2021-07-08 13:48:04 +0200
Processing by PagesController#home as HTML
  Rendering pages/home.html.erb within layouts/application
  Rendered pages/home.html.erb within layouts/application (Duration: 0.4ms | Allocations: 85)
[Webpacker] Everything's up-to-date. Nothing to do
  Rendered shared/_navbar.html.erb (Duration: 2.0ms | Allocations: 1145)
  Rendered shared/_flashes.html.erb (Duration: 0.4ms | Allocations: 182)
Completed 200 OK in 1624ms (Views: 1623.0ms | ActiveRecord: 0.0ms | Allocations: 94702)


Started GET "/" for ::1 at 2021-07-08 13:48:17 +0200
Processing by PagesController#home as HTML
  Rendering pages/home.html.erb within layouts/application
  Rendered pages/home.html.erb within layouts/application (Duration: 0.1ms | Allocations: 4)
[Webpacker] Everything's up-to-date. Nothing to do
  Rendered shared/_navbar.html.erb (Duration: 1.0ms | Allocations: 681)
  Rendered shared/_flashes.html.erb (Duration: 0.1ms | Allocations: 21)
Completed 200 OK in 1467ms (Views: 1466.0ms | ActiveRecord: 0.0ms | Allocations: 92204)


Started GET "/" for ::1 at 2021-07-08 13:48:34 +0200
Processing by PagesController#home as HTML
  Rendering pages/home.html.erb within layouts/application
  Rendered pages/home.html.erb within layouts/application (Duration: 0.1ms | Allocations: 4)
[Webpacker] Everything's up-to-date. Nothing to do
  Rendered shared/_navbar.html.erb (Duration: 1.2ms | Allocations: 679)
  Rendered shared/_flashes.html.erb (Duration: 0.1ms | Allocations: 21)
Completed 200 OK in 1499ms (Views: 1498.5ms | ActiveRecord: 0.0ms | Allocations: 92960)


Started GET "/" for ::1 at 2021-07-08 13:48:42 +0200
Processing by PagesController#home as HTML
  Rendering pages/home.html.erb within layouts/application
  Rendered pages/home.html.erb within layouts/application (Duration: 0.0ms | Allocations: 4)
[Webpacker] Everything's up-to-date. Nothing to do
  Rendered shared/_navbar.html.erb (Duration: 1.3ms | Allocations: 680)
  Rendered shared/_flashes.html.erb (Duration: 0.1ms | Allocations: 21)
Completed 200 OK in 2430ms (Views: 2428.6ms | ActiveRecord: 0.0ms | Allocations: 92512)


Started GET "/" for ::1 at 2021-07-08 13:49:02 +0200
Processing by PagesController#home as HTML
  Rendering pages/home.html.erb within layouts/application
  Rendered pages/home.html.erb within layouts/application (Duration: 0.1ms | Allocations: 4)
[Webpacker] Everything's up-to-date. Nothing to do
  Rendered shared/_navbar.html.erb (Duration: 1.2ms | Allocations: 680)
  Rendered shared/_flashes.html.erb (Duration: 0.0ms | Allocations: 21)
Completed 200 OK in 1694ms (Views: 1693.6ms | ActiveRecord: 0.0ms | Allocations: 92090)


Started GET "/" for ::1 at 2021-07-08 13:55:07 +0200
Processing by PagesController#home as HTML
  Rendering pages/home.html.erb within layouts/application
  Rendered pages/home.html.erb within layouts/application (Duration: 0.0ms | Allocations: 4)
[Webpacker] Everything's up-to-date. Nothing to do
  Rendered shared/_navbar.html.erb (Duration: 1.8ms | Allocations: 679)
  Rendered shared/_flashes.html.erb (Duration: 0.1ms | Allocations: 21)
Completed 200 OK in 1571ms (Views: 1570.2ms | ActiveRecord: 0.0ms | Allocations: 92534)


Started GET "/" for ::1 at 2021-07-08 13:55:29 +0200
Processing by PagesController#home as HTML
  Rendering pages/home.html.erb within layouts/application
  Rendered pages/home.html.erb within layouts/application (Duration: 0.0ms | Allocations: 4)
[Webpacker] Everything's up-to-date. Nothing to do
  Rendered shared/_navbar.html.erb (Duration: 1.1ms | Allocations: 679)
  Rendered shared/_flashes.html.erb (Duration: 0.1ms | Allocations: 21)
Completed 200 OK in 1703ms (Views: 1701.4ms | ActiveRecord: 0.0ms | Allocations: 92517)


Started GET "/" for ::1 at 2021-07-08 13:55:37 +0200
Processing by PagesController#home as HTML
  Rendering pages/home.html.erb within layouts/application
  Rendered pages/home.html.erb within layouts/application (Duration: 0.1ms | Allocations: 4)
[Webpacker] Everything's up-to-date. Nothing to do
  Rendered shared/_navbar.html.erb (Duration: 1.3ms | Allocations: 679)
  Rendered shared/_flashes.html.erb (Duration: 0.1ms | Allocations: 21)
Completed 200 OK in 1433ms (Views: 1431.9ms | ActiveRecord: 0.0ms | Allocations: 92973)


Started GET "/" for ::1 at 2021-07-08 13:56:12 +0200
Processing by PagesController#home as HTML
  Rendering pages/home.html.erb within layouts/application
  Rendered pages/home.html.erb within layouts/application (Duration: 0.5ms | Allocations: 87)
[Webpacker] Everything's up-to-date. Nothing to do
  Rendered shared/_navbar.html.erb (Duration: 1.7ms | Allocations: 1148)
  Rendered shared/_flashes.html.erb (Duration: 0.6ms | Allocations: 182)
Completed 200 OK in 26ms (Views: 24.8ms | ActiveRecord: 0.0ms | Allocations: 14056)


Started GET "/" for ::1 at 2021-07-08 13:56:52 +0200
Processing by PagesController#home as HTML
  Rendering pages/home.html.erb within layouts/application
  Rendered pages/home.html.erb within layouts/application (Duration: 0.3ms | Allocations: 80)
[Webpacker] Everything's up-to-date. Nothing to do
  Rendered shared/_navbar.html.erb (Duration: 2.7ms | Allocations: 1153)
  Rendered shared/_flashes.html.erb (Duration: 0.8ms | Allocations: 182)
Completed 200 OK in 1788ms (Views: 1786.3ms | ActiveRecord: 0.0ms | Allocations: 94608)


Started GET "/" for ::1 at 2021-07-08 13:57:01 +0200
Processing by PagesController#home as HTML
  Rendering pages/home.html.erb within layouts/application
  Rendered pages/home.html.erb within layouts/application (Duration: 0.1ms | Allocations: 4)
[Webpacker] Everything's up-to-date. Nothing to do
  Rendered shared/_navbar.html.erb (Duration: 1.4ms | Allocations: 681)
  Rendered shared/_flashes.html.erb (Duration: 0.1ms | Allocations: 21)
Completed 200 OK in 1785ms (Views: 1783.8ms | ActiveRecord: 0.0ms | Allocations: 92118)


Started GET "/" for ::1 at 2021-07-08 13:57:20 +0200
Processing by PagesController#home as HTML
  Rendering pages/home.html.erb within layouts/application
  Rendered pages/home.html.erb within layouts/application (Duration: 0.0ms | Allocations: 4)
[Webpacker] Everything's up-to-date. Nothing to do
  Rendered shared/_navbar.html.erb (Duration: 1.1ms | Allocations: 680)
  Rendered shared/_flashes.html.erb (Duration: 0.0ms | Allocations: 21)
Completed 200 OK in 1454ms (Views: 1451.6ms | ActiveRecord: 0.0ms | Allocations: 93407)


Started GET "/" for ::1 at 2021-07-08 13:57:25 +0200
Processing by PagesController#home as HTML
  Rendering pages/home.html.erb within layouts/application
  Rendered pages/home.html.erb within layouts/application (Duration: 0.1ms | Allocations: 4)
[Webpacker] Everything's up-to-date. Nothing to do
  Rendered shared/_navbar.html.erb (Duration: 1.1ms | Allocations: 679)
  Rendered shared/_flashes.html.erb (Duration: 0.1ms | Allocations: 21)
Completed 200 OK in 26ms (Views: 25.1ms | ActiveRecord: 0.0ms | Allocations: 12007)


Started GET "/" for ::1 at 2021-07-08 13:57:38 +0200
Processing by PagesController#home as HTML
  Rendering pages/home.html.erb within layouts/application
  Rendered pages/home.html.erb within layouts/application (Duration: 0.5ms | Allocations: 87)
[Webpacker] Everything's up-to-date. Nothing to do
  Rendered shared/_navbar.html.erb (Duration: 1.7ms | Allocations: 1146)
  Rendered shared/_flashes.html.erb (Duration: 0.4ms | Allocations: 182)
Completed 200 OK in 28ms (Views: 25.7ms | ActiveRecord: 0.0ms | Allocations: 14050)


Started GET "/" for ::1 at 2021-07-08 13:58:32 +0200
Processing by PagesController#home as HTML
  Rendering pages/home.html.erb within layouts/application
  Rendered pages/home.html.erb within layouts/application (Duration: 0.7ms | Allocations: 88)
[Webpacker] Everything's up-to-date. Nothing to do
  Rendered shared/_navbar.html.erb (Duration: 1.7ms | Allocations: 1146)
  Rendered shared/_flashes.html.erb (Duration: 0.5ms | Allocations: 182)
Completed 200 OK in 27ms (Views: 25.3ms | ActiveRecord: 0.0ms | Allocations: 14051)


Started GET "/" for ::1 at 2021-07-08 14:00:00 +0200
Processing by PagesController#home as HTML
  Rendering pages/home.html.erb within layouts/application
  Rendered pages/home.html.erb within layouts/application (Duration: 0.0ms | Allocations: 4)
[Webpacker] Everything's up-to-date. Nothing to do
  Rendered shared/_navbar.html.erb (Duration: 1.0ms | Allocations: 681)
  Rendered shared/_flashes.html.erb (Duration: 0.1ms | Allocations: 21)
Completed 200 OK in 1466ms (Views: 1464.2ms | ActiveRecord: 0.0ms | Allocations: 92566)


Started GET "/" for ::1 at 2021-07-08 14:00:25 +0200
Processing by PagesController#home as HTML
  Rendering pages/home.html.erb within layouts/application
  Rendered pages/home.html.erb within layouts/application (Duration: 0.1ms | Allocations: 4)
[Webpacker] Everything's up-to-date. Nothing to do
  Rendered shared/_navbar.html.erb (Duration: 2.8ms | Allocations: 679)
  Rendered shared/_flashes.html.erb (Duration: 0.1ms | Allocations: 21)
Completed 200 OK in 29ms (Views: 28.2ms | ActiveRecord: 0.0ms | Allocations: 12017)


Started GET "/" for ::1 at 2021-07-08 14:00:56 +0200
Processing by PagesController#home as HTML
  Rendering pages/home.html.erb within layouts/application
  Rendered pages/home.html.erb within layouts/application (Duration: 0.7ms | Allocations: 90)
[Webpacker] Everything's up-to-date. Nothing to do
  Rendered shared/_navbar.html.erb (Duration: 1.7ms | Allocations: 1146)
  Rendered shared/_flashes.html.erb (Duration: 0.4ms | Allocations: 182)
Completed 200 OK in 36ms (Views: 34.4ms | ActiveRecord: 0.0ms | Allocations: 14105)


Started GET "/" for ::1 at 2021-07-08 14:01:32 +0200
Processing by PagesController#home as HTML
  Rendering pages/home.html.erb within layouts/application
  Rendered pages/home.html.erb within layouts/application (Duration: 0.1ms | Allocations: 4)
[Webpacker] Everything's up-to-date. Nothing to do
  Rendered shared/_navbar.html.erb (Duration: 1.5ms | Allocations: 681)
  Rendered shared/_flashes.html.erb (Duration: 0.1ms | Allocations: 21)
Completed 200 OK in 1499ms (Views: 1497.5ms | ActiveRecord: 0.0ms | Allocations: 92134)


Started GET "/" for ::1 at 2021-07-08 14:01:52 +0200
Processing by PagesController#home as HTML
  Rendering pages/home.html.erb within layouts/application
  Rendered pages/home.html.erb within layouts/application (Duration: 0.0ms | Allocations: 4)
[Webpacker] Everything's up-to-date. Nothing to do
  Rendered shared/_navbar.html.erb (Duration: 1.0ms | Allocations: 679)
  Rendered shared/_flashes.html.erb (Duration: 0.1ms | Allocations: 21)
Completed 200 OK in 1440ms (Views: 1439.4ms | ActiveRecord: 0.0ms | Allocations: 92542)


Started GET "/" for ::1 at 2021-07-08 14:02:18 +0200
Processing by PagesController#home as HTML
  Rendering pages/home.html.erb within layouts/application
  Rendered pages/home.html.erb within layouts/application (Duration: 0.1ms | Allocations: 4)
[Webpacker] Everything's up-to-date. Nothing to do
  Rendered shared/_navbar.html.erb (Duration: 1.1ms | Allocations: 679)
  Rendered shared/_flashes.html.erb (Duration: 0.1ms | Allocations: 21)
Completed 200 OK in 1511ms (Views: 1509.2ms | ActiveRecord: 0.0ms | Allocations: 92126)


Started GET "/" for ::1 at 2021-07-08 14:02:29 +0200
Processing by PagesController#home as HTML
  Rendering pages/home.html.erb within layouts/application
  Rendered pages/home.html.erb within layouts/application (Duration: 0.0ms | Allocations: 4)
[Webpacker] Everything's up-to-date. Nothing to do
  Rendered shared/_navbar.html.erb (Duration: 1.3ms | Allocations: 679)
  Rendered shared/_flashes.html.erb (Duration: 0.1ms | Allocations: 21)
Completed 200 OK in 1844ms (Views: 1842.9ms | ActiveRecord: 0.0ms | Allocations: 92567)


Started GET "/" for ::1 at 2021-07-08 14:02:51 +0200
Processing by PagesController#home as HTML
  Rendering pages/home.html.erb within layouts/application
  Rendered pages/home.html.erb within layouts/application (Duration: 0.1ms | Allocations: 4)
[Webpacker] Everything's up-to-date. Nothing to do
  Rendered shared/_navbar.html.erb (Duration: 1.3ms | Allocations: 680)
  Rendered shared/_flashes.html.erb (Duration: 0.1ms | Allocations: 21)
Completed 200 OK in 1448ms (Views: 1447.0ms | ActiveRecord: 0.0ms | Allocations: 92526)


Started GET "/" for ::1 at 2021-07-08 14:03:13 +0200
Processing by PagesController#home as HTML
  Rendering pages/home.html.erb within layouts/application
  Rendered pages/home.html.erb within layouts/application (Duration: 0.1ms | Allocations: 4)
[Webpacker] Everything's up-to-date. Nothing to do
  Rendered shared/_navbar.html.erb (Duration: 1.3ms | Allocations: 680)
  Rendered shared/_flashes.html.erb (Duration: 0.1ms | Allocations: 21)
Completed 200 OK in 1699ms (Views: 1698.2ms | ActiveRecord: 0.0ms | Allocations: 92529)


Started GET "/" for ::1 at 2021-07-08 14:03:38 +0200
Processing by PagesController#home as HTML
  Rendering pages/home.html.erb within layouts/application
  Rendered pages/home.html.erb within layouts/application (Duration: 0.4ms | Allocations: 91)
[Webpacker] Everything's up-to-date. Nothing to do
  Rendered shared/_navbar.html.erb (Duration: 1.6ms | Allocations: 1147)
  Rendered shared/_flashes.html.erb (Duration: 0.4ms | Allocations: 182)
Completed 200 OK in 32ms (Views: 30.7ms | ActiveRecord: 0.0ms | Allocations: 14111)


Started GET "/" for ::1 at 2021-07-08 14:03:48 +0200
Processing by PagesController#home as HTML
  Rendering pages/home.html.erb within layouts/application
  Rendered pages/home.html.erb within layouts/application (Duration: 0.5ms | Allocations: 84)
[Webpacker] Everything's up-to-date. Nothing to do
  Rendered shared/_navbar.html.erb (Duration: 2.6ms | Allocations: 1148)
  Rendered shared/_flashes.html.erb (Duration: 2.6ms | Allocations: 182)
Completed 200 OK in 43ms (Views: 40.6ms | ActiveRecord: 0.0ms | Allocations: 14050)


Started GET "/" for ::1 at 2021-07-08 14:04:08 +0200
Processing by PagesController#home as HTML
  Rendering pages/home.html.erb within layouts/application
  Rendered pages/home.html.erb within layouts/application (Duration: 0.5ms | Allocations: 84)
[Webpacker] Everything's up-to-date. Nothing to do
  Rendered shared/_navbar.html.erb (Duration: 2.7ms | Allocations: 1147)
  Rendered shared/_flashes.html.erb (Duration: 0.9ms | Allocations: 182)
Completed 200 OK in 38ms (Views: 36.1ms | ActiveRecord: 0.0ms | Allocations: 14044)


Started GET "/" for ::1 at 2021-07-08 14:04:36 +0200
Processing by PagesController#home as HTML
  Rendering pages/home.html.erb within layouts/application
  Rendered pages/home.html.erb within layouts/application (Duration: 0.5ms | Allocations: 84)
[Webpacker] Everything's up-to-date. Nothing to do
  Rendered shared/_navbar.html.erb (Duration: 3.1ms | Allocations: 1153)
  Rendered shared/_flashes.html.erb (Duration: 0.5ms | Allocations: 182)
Completed 200 OK in 68ms (Views: 65.9ms | ActiveRecord: 0.0ms | Allocations: 14063)


Started GET "/" for ::1 at 2021-07-08 14:04:45 +0200
Processing by PagesController#home as HTML
  Rendering pages/home.html.erb within layouts/application
  Rendered pages/home.html.erb within layouts/application (Duration: 0.5ms | Allocations: 84)
[Webpacker] Everything's up-to-date. Nothing to do
  Rendered shared/_navbar.html.erb (Duration: 3.6ms | Allocations: 1146)
  Rendered shared/_flashes.html.erb (Duration: 0.5ms | Allocations: 182)
Completed 200 OK in 45ms (Views: 43.1ms | ActiveRecord: 0.0ms | Allocations: 14051)


Started GET "/" for ::1 at 2021-07-08 14:04:53 +0200
Processing by PagesController#home as HTML
  Rendering pages/home.html.erb within layouts/application
  Rendered pages/home.html.erb within layouts/application (Duration: 0.4ms | Allocations: 84)
[Webpacker] Everything's up-to-date. Nothing to do
  Rendered shared/_navbar.html.erb (Duration: 1.6ms | Allocations: 1146)
  Rendered shared/_flashes.html.erb (Duration: 0.4ms | Allocations: 182)
Completed 200 OK in 43ms (Views: 40.2ms | ActiveRecord: 0.0ms | Allocations: 14044)


Started GET "/" for ::1 at 2021-07-08 14:05:02 +0200
Processing by PagesController#home as HTML
  Rendering pages/home.html.erb within layouts/application
  Rendered pages/home.html.erb within layouts/application (Duration: 0.9ms | Allocations: 84)
[Webpacker] Everything's up-to-date. Nothing to do
  Rendered shared/_navbar.html.erb (Duration: 4.1ms | Allocations: 1146)
  Rendered shared/_flashes.html.erb (Duration: 0.7ms | Allocations: 182)
Completed 200 OK in 45ms (Views: 43.0ms | ActiveRecord: 0.0ms | Allocations: 14041)


Started GET "/" for ::1 at 2021-07-08 14:05:26 +0200
Processing by PagesController#home as HTML
  Rendering pages/home.html.erb within layouts/application
  Rendered pages/home.html.erb within layouts/application (Duration: 0.5ms | Allocations: 84)
[Webpacker] Everything's up-to-date. Nothing to do
  Rendered shared/_navbar.html.erb (Duration: 1.8ms | Allocations: 1146)
  Rendered shared/_flashes.html.erb (Duration: 0.6ms | Allocations: 182)
Completed 200 OK in 34ms (Views: 31.5ms | ActiveRecord: 0.0ms | Allocations: 14042)


Started GET "/" for ::1 at 2021-07-08 14:06:13 +0200
Processing by PagesController#home as HTML
  Rendering pages/home.html.erb within layouts/application
  Rendered pages/home.html.erb within layouts/application (Duration: 0.5ms | Allocations: 89)
[Webpacker] Everything's up-to-date. Nothing to do
  Rendered shared/_navbar.html.erb (Duration: 2.4ms | Allocations: 1145)
  Rendered shared/_flashes.html.erb (Duration: 0.5ms | Allocations: 182)
Completed 200 OK in 1461ms (Views: 1458.3ms | ActiveRecord: 0.0ms | Allocations: 94580)


Started GET "/" for ::1 at 2021-07-08 14:06:27 +0200
Processing by PagesController#home as HTML
  Rendering pages/home.html.erb within layouts/application
  Rendered pages/home.html.erb within layouts/application (Duration: 0.0ms | Allocations: 4)
[Webpacker] Everything's up-to-date. Nothing to do
  Rendered shared/_navbar.html.erb (Duration: 2.1ms | Allocations: 681)
  Rendered shared/_flashes.html.erb (Duration: 0.1ms | Allocations: 21)
Completed 200 OK in 1837ms (Views: 1836.1ms | ActiveRecord: 0.0ms | Allocations: 92596)


Started GET "/" for ::1 at 2021-07-08 14:06:49 +0200
Processing by PagesController#home as HTML
  Rendering pages/home.html.erb within layouts/application
  Rendered pages/home.html.erb within layouts/application (Duration: 0.1ms | Allocations: 4)
[Webpacker] Everything's up-to-date. Nothing to do
  Rendered shared/_navbar.html.erb (Duration: 1.4ms | Allocations: 679)
  Rendered shared/_flashes.html.erb (Duration: 0.1ms | Allocations: 21)
Completed 200 OK in 1448ms (Views: 1447.0ms | ActiveRecord: 0.0ms | Allocations: 93067)


Started GET "/" for ::1 at 2021-07-08 14:06:55 +0200
Processing by PagesController#home as HTML
  Rendering pages/home.html.erb within layouts/application
  Rendered pages/home.html.erb within layouts/application (Duration: 0.1ms | Allocations: 4)
[Webpacker] Everything's up-to-date. Nothing to do
  Rendered shared/_navbar.html.erb (Duration: 2.0ms | Allocations: 679)
  Rendered shared/_flashes.html.erb (Duration: 0.1ms | Allocations: 21)
Completed 200 OK in 53ms (Views: 48.1ms | ActiveRecord: 0.0ms | Allocations: 12019)


Started GET "/" for ::1 at 2021-07-08 14:07:09 +0200
Processing by PagesController#home as HTML
  Rendering pages/home.html.erb within layouts/application
  Rendered pages/home.html.erb within layouts/application (Duration: 0.1ms | Allocations: 4)
[Webpacker] Everything's up-to-date. Nothing to do
  Rendered shared/_navbar.html.erb (Duration: 1.1ms | Allocations: 679)
  Rendered shared/_flashes.html.erb (Duration: 0.1ms | Allocations: 21)
Completed 200 OK in 1680ms (Views: 1679.1ms | ActiveRecord: 0.0ms | Allocations: 92128)


Started GET "/" for ::1 at 2021-07-08 14:07:24 +0200
Processing by PagesController#home as HTML
  Rendering pages/home.html.erb within layouts/application
  Rendered pages/home.html.erb within layouts/application (Duration: 0.1ms | Allocations: 4)
[Webpacker] Everything's up-to-date. Nothing to do
  Rendered shared/_navbar.html.erb (Duration: 1.8ms | Allocations: 679)
  Rendered shared/_flashes.html.erb (Duration: 0.1ms | Allocations: 21)
Completed 200 OK in 23ms (Views: 21.9ms | ActiveRecord: 0.0ms | Allocations: 12061)


Started GET "/" for ::1 at 2021-07-08 14:07:31 +0200
Processing by PagesController#home as HTML
  Rendering pages/home.html.erb within layouts/application
  Rendered pages/home.html.erb within layouts/application (Duration: 0.1ms | Allocations: 4)
[Webpacker] Everything's up-to-date. Nothing to do
  Rendered shared/_navbar.html.erb (Duration: 1.0ms | Allocations: 679)
  Rendered shared/_flashes.html.erb (Duration: 0.1ms | Allocations: 21)
Completed 200 OK in 1446ms (Views: 1445.1ms | ActiveRecord: 0.0ms | Allocations: 92988)


Started GET "/" for ::1 at 2021-07-08 14:07:51 +0200
Processing by PagesController#home as HTML
  Rendering pages/home.html.erb within layouts/application
  Rendered pages/home.html.erb within layouts/application (Duration: 0.1ms | Allocations: 4)
[Webpacker] Everything's up-to-date. Nothing to do
  Rendered shared/_navbar.html.erb (Duration: 4.5ms | Allocations: 679)
  Rendered shared/_flashes.html.erb (Duration: 0.2ms | Allocations: 21)
Completed 200 OK in 3724ms (Views: 3721.4ms | ActiveRecord: 0.0ms | Allocations: 92592)


Started GET "/" for ::1 at 2021-07-08 14:09:50 +0200
Processing by PagesController#home as HTML
  Rendering pages/home.html.erb within layouts/application
  Rendered pages/home.html.erb within layouts/application (Duration: 1.1ms | Allocations: 623)
[Webpacker] Everything's up-to-date. Nothing to do
  Rendered shared/_navbar.html.erb (Duration: 1.6ms | Allocations: 1145)
  Rendered shared/_flashes.html.erb (Duration: 0.3ms | Allocations: 182)
Completed 200 OK in 28ms (Views: 26.6ms | ActiveRecord: 0.0ms | Allocations: 14638)


Started GET "/" for ::1 at 2021-07-08 14:09:57 +0200
Processing by PagesController#home as HTML
  Rendering pages/home.html.erb within layouts/application
  Rendered pages/home.html.erb within layouts/application (Duration: 94.7ms | Allocations: 4333)
Completed 500 Internal Server Error in 109ms (ActiveRecord: 0.0ms | Allocations: 5681)


  
ActionView::SyntaxErrorInTemplate (Encountered a syntax error while rendering template: check <div class="container">
  <div class="section_1">
    <h1 class="home_heading">Helping Brands<br>Drive More Sales</h1>
    <p class="home_since">since 1997</p>
    <p class="home_para">Kreirali smo i realizirali desetine hiljada reklamnih kampanja za različite vrste biznisa od 1997. godine do danas. Od prvog dana analiziramo ponašanja kupaca, pratimo njihove navike, koje vrste oglasa, u koje vrijeme i i na kojem mjestu je najbolje plasirati. Na taj način osiguravamo maksimalnu učinkovitost oglašavanja, uspješno kreiranje baza prodajnih leadova, akviziciju novih kupaca i povećanje prodaje.</p>
    <%= link_to "#" Ahmed%>
  </div>
  <div class="section_2">

  </div>
</div>

):
1:    <div class="container">
2:      <div class="section_1">
3:        <h1 class="home_heading">Helping Brands<br>Drive More Sales</h1>
4:        <p class="home_since">since 1997</p>
5:        <p class="home_para">Kreirali smo i realizirali desetine hiljada reklamnih kampanja za različite vrste biznisa od 1997. godine do danas. Od prvog dana analiziramo ponašanja kupaca, pratimo njihove navike, koje vrste oglasa, u koje vrijeme i i na kojem mjestu je najbolje plasirati. Na taj način osiguravamo maksimalnu učinkovitost oglašavanja, uspješno kreiranje baza prodajnih leadova, akviziciju novih kupaca i povećanje prodaje.</p>
6:        <%= link_to "#" Ahmed%>
7:      </div>
8:      <div class="section_2">
9:    
10:      </div>
11:    </div>
  
app/views/pages/home.html.erb:6: syntax error, unexpected tCONSTANT, expecting ')'
app/views/pages/home.html.erb:6: syntax error, unexpected tCONSTANT, expecting ')'
app/views/pages/home.html.erb:6: syntax error, unexpected tCONSTANT, expecting ')'
app/views/pages/home.html.erb:6: syntax error, unexpected tCONSTANT, expecting ')'
app/views/pages/home.html.erb:6: syntax error, unexpected tCONSTANT, expecting ')'
app/views/pages/home.html.erb:6: syntax error, unexpected tCONSTANT, expecting ')'
Started GET "/" for ::1 at 2021-07-08 14:10:10 +0200
Processing by PagesController#home as HTML
  Rendering pages/home.html.erb within layouts/application
  Rendered pages/home.html.erb within layouts/application (Duration: 1153.5ms | Allocations: 88633)
Completed 500 Internal Server Error in 1170ms (ActiveRecord: 0.0ms | Allocations: 89977)


  
ActionView::Template::Error (undefined method `ahmed' for #<#<Class:0x00007f881f8ee370>:0x00007f881f8ec0c0>):
    3:     <h1 class="home_heading">Helping Brands<br>Drive More Sales</h1>
    4:     <p class="home_since">since 1997</p>
    5:     <p class="home_para">Kreirali smo i realizirali desetine hiljada reklamnih kampanja za različite vrste biznisa od 1997. godine do danas. Od prvog dana analiziramo ponašanja kupaca, pratimo njihove navike, koje vrste oglasa, u koje vrijeme i i na kojem mjestu je najbolje plasirati. Na taj način osiguravamo maksimalnu učinkovitost oglašavanja, uspješno kreiranje baza prodajnih leadova, akviziciju novih kupaca i povećanje prodaje.</p>
    6:     <%= link_to ahmed "#" %>
    7:   </div>
    8:   <div class="section_2">
    9: 
  
app/views/pages/home.html.erb:6
Started GET "/" for ::1 at 2021-07-08 14:10:25 +0200
Processing by PagesController#home as HTML
  Rendering pages/home.html.erb within layouts/application
  Rendered pages/home.html.erb within layouts/application (Duration: 1514.6ms | Allocations: 174220)
Completed 500 Internal Server Error in 1531ms (ActiveRecord: 0.0ms | Allocations: 175564)


  
ActionView::Template::Error (undefined local variable or method `ahmed' for #<#<Class:0x00007f881b933528>:0x00007f881b943810>):
    3:     <h1 class="home_heading">Helping Brands<br>Drive More Sales</h1>
    4:     <p class="home_since">since 1997</p>
    5:     <p class="home_para">Kreirali smo i realizirali desetine hiljada reklamnih kampanja za različite vrste biznisa od 1997. godine do danas. Od prvog dana analiziramo ponašanja kupaca, pratimo njihove navike, koje vrste oglasa, u koje vrijeme i i na kojem mjestu je najbolje plasirati. Na taj način osiguravamo maksimalnu učinkovitost oglašavanja, uspješno kreiranje baza prodajnih leadova, akviziciju novih kupaca i povećanje prodaje.</p>
    6:     <%= link_to "#", ahmed %>
    7:   </div>
    8:   <div class="section_2">
    9: 
  
app/views/pages/home.html.erb:6
Started GET "/" for ::1 at 2021-07-08 14:10:45 +0200
Processing by PagesController#home as HTML
  Rendering pages/home.html.erb within layouts/application
  Rendered pages/home.html.erb within layouts/application (Duration: 2.3ms | Allocations: 1038)
Completed 500 Internal Server Error in 15ms (ActiveRecord: 0.0ms | Allocations: 2381)


  
ActionView::SyntaxErrorInTemplate (Encountered a syntax error while rendering template: check <div class="container">
  <div class="section_1">
    <h1 class="home_heading">Helping Brands<br>Drive More Sales</h1>
    <p class="home_since">since 1997</p>
    <p class="home_para">Kreirali smo i realizirali desetine hiljada reklamnih kampanja za različite vrste biznisa od 1997. godine do danas. Od prvog dana analiziramo ponašanja kupaca, pratimo njihove navike, koje vrste oglasa, u koje vrijeme i i na kojem mjestu je najbolje plasirati. Na taj način osiguravamo maksimalnu učinkovitost oglašavanja, uspješno kreiranje baza prodajnih leadova, akviziciju novih kupaca i povećanje prodaje.</p>
    <%= link_to "ahmed" root_path %>
  </div>
  <div class="section_2">

  </div>
</div>

):
1:    <div class="container">
2:      <div class="section_1">
3:        <h1 class="home_heading">Helping Brands<br>Drive More Sales</h1>
4:        <p class="home_since">since 1997</p>
5:        <p class="home_para">Kreirali smo i realizirali desetine hiljada reklamnih kampanja za različite vrste biznisa od 1997. godine do danas. Od prvog dana analiziramo ponašanja kupaca, pratimo njihove navike, koje vrste oglasa, u koje vrijeme i i na kojem mjestu je najbolje plasirati. Na taj način osiguravamo maksimalnu učinkovitost oglašavanja, uspješno kreiranje baza prodajnih leadova, akviziciju novih kupaca i povećanje prodaje.</p>
6:        <%= link_to "ahmed" root_path %>
7:      </div>
8:      <div class="section_2">
9:    
10:      </div>
11:    </div>
  
app/views/pages/home.html.erb:6: syntax error, unexpected tIDENTIFIER, expecting ')'
app/views/pages/home.html.erb:6: syntax error, unexpected tIDENTIFIER, expecting ')'
app/views/pages/home.html.erb:6: syntax error, unexpected tIDENTIFIER, expecting ')'
app/views/pages/home.html.erb:6: syntax error, unexpected tIDENTIFIER, expecting ')'
app/views/pages/home.html.erb:6: syntax error, unexpected tIDENTIFIER, expecting ')'
app/views/pages/home.html.erb:6: syntax error, unexpected tIDENTIFIER, expecting ')'
Started GET "/" for ::1 at 2021-07-08 14:13:07 +0200
Processing by PagesController#home as HTML
  Rendering pages/home.html.erb within layouts/application
  Rendered pages/home.html.erb within layouts/application (Duration: 1.0ms | Allocations: 139)
[Webpacker] Everything's up-to-date. Nothing to do
  Rendered shared/_navbar.html.erb (Duration: 16.9ms | Allocations: 1155)
  Rendered shared/_flashes.html.erb (Duration: 1.2ms | Allocations: 182)
Completed 200 OK in 112ms (Views: 107.9ms | ActiveRecord: 0.0ms | Allocations: 14111)


Started GET "/" for ::1 at 2021-07-08 14:14:21 +0200
Processing by PagesController#home as HTML
  Rendering pages/home.html.erb within layouts/application
  Rendered pages/home.html.erb within layouts/application (Duration: 0.2ms | Allocations: 27)
[Webpacker] Everything's up-to-date. Nothing to do
  Rendered shared/_navbar.html.erb (Duration: 4.5ms | Allocations: 681)
  Rendered shared/_flashes.html.erb (Duration: 0.2ms | Allocations: 21)
Completed 200 OK in 4299ms (Views: 4297.0ms | ActiveRecord: 0.0ms | Allocations: 92925)


Started GET "/" for ::1 at 2021-07-08 14:14:51 +0200
Processing by PagesController#home as HTML
  Rendering pages/home.html.erb within layouts/application
  Rendered pages/home.html.erb within layouts/application (Duration: 0.3ms | Allocations: 26)
[Webpacker] Everything's up-to-date. Nothing to do
  Rendered shared/_navbar.html.erb (Duration: 2.5ms | Allocations: 680)
  Rendered shared/_flashes.html.erb (Duration: 0.2ms | Allocations: 21)
Completed 200 OK in 3956ms (Views: 3954.5ms | ActiveRecord: 0.0ms | Allocations: 93210)


Started GET "/" for ::1 at 2021-07-08 14:15:18 +0200
Processing by PagesController#home as HTML
  Rendering pages/home.html.erb within layouts/application
  Rendered pages/home.html.erb within layouts/application (Duration: 0.2ms | Allocations: 26)
Started GET "/" for ::1 at 2021-07-08 14:15:23 +0200
Processing by PagesController#home as HTML
  Rendering pages/home.html.erb within layouts/application
  Rendered pages/home.html.erb within layouts/application (Duration: 0.3ms | Allocations: 26)
[Webpacker] Everything's up-to-date. Nothing to do
  Rendered shared/_navbar.html.erb (Duration: 4.7ms | Allocations: 679)
  Rendered shared/_flashes.html.erb (Duration: 0.2ms | Allocations: 21)
Completed 200 OK in 10324ms (Views: 10321.7ms | ActiveRecord: 0.0ms | Allocations: 177231)


[Webpacker] Everything's up-to-date. Nothing to do
  Rendered shared/_navbar.html.erb (Duration: 6.6ms | Allocations: 680)
  Rendered shared/_flashes.html.erb (Duration: 0.2ms | Allocations: 21)
Completed 200 OK in 8878ms (Views: 8874.6ms | ActiveRecord: 0.0ms | Allocations: 101067)


Started GET "/" for ::1 at 2021-07-08 14:15:37 +0200
Processing by PagesController#home as HTML
  Rendering pages/home.html.erb within layouts/application
  Rendered pages/home.html.erb within layouts/application (Duration: 0.2ms | Allocations: 26)
[Webpacker] Everything's up-to-date. Nothing to do
  Rendered shared/_navbar.html.erb (Duration: 3.4ms | Allocations: 679)
  Rendered shared/_flashes.html.erb (Duration: 0.2ms | Allocations: 21)
Completed 200 OK in 7258ms (Views: 7256.4ms | ActiveRecord: 0.0ms | Allocations: 92389)


Started GET "/" for ::1 at 2021-07-08 14:15:48 +0200
Processing by PagesController#home as HTML
  Rendering pages/home.html.erb within layouts/application
  Rendered pages/home.html.erb within layouts/application (Duration: 0.2ms | Allocations: 26)
[Webpacker] Everything's up-to-date. Nothing to do
  Rendered shared/_navbar.html.erb (Duration: 4.3ms | Allocations: 679)
  Rendered shared/_flashes.html.erb (Duration: 0.2ms | Allocations: 21)
Completed 200 OK in 7425ms (Views: 7423.9ms | ActiveRecord: 0.0ms | Allocations: 92400)


Started GET "/" for ::1 at 2021-07-08 14:17:03 +0200
Processing by PagesController#home as HTML
  Rendering pages/home.html.erb within layouts/application
  Rendered pages/home.html.erb within layouts/application (Duration: 1.7ms | Allocations: 154)
[Webpacker] Everything's up-to-date. Nothing to do
  Rendered shared/_navbar.html.erb (Duration: 5.4ms | Allocations: 1145)
  Rendered shared/_flashes.html.erb (Duration: 1.4ms | Allocations: 182)
Completed 200 OK in 119ms (Views: 115.4ms | ActiveRecord: 0.0ms | Allocations: 14221)


Started GET "/" for ::1 at 2021-07-08 14:17:11 +0200
Processing by PagesController#home as HTML
  Rendering pages/home.html.erb within layouts/application
  Rendered pages/home.html.erb within layouts/application (Duration: 1.6ms | Allocations: 147)
[Webpacker] Everything's up-to-date. Nothing to do
  Rendered shared/_navbar.html.erb (Duration: 7.1ms | Allocations: 1145)
  Rendered shared/_flashes.html.erb (Duration: 2.8ms | Allocations: 182)
Completed 200 OK in 112ms (Views: 109.2ms | ActiveRecord: 0.0ms | Allocations: 14166)


Started GET "/" for ::1 at 2021-07-08 14:17:36 +0200
Processing by PagesController#home as HTML
  Rendering pages/home.html.erb within layouts/application
  Rendered pages/home.html.erb within layouts/application (Duration: 0.4ms | Allocations: 34)
[Webpacker] Everything's up-to-date. Nothing to do
  Rendered shared/_navbar.html.erb (Duration: 3.5ms | Allocations: 681)
  Rendered shared/_flashes.html.erb (Duration: 0.1ms | Allocations: 21)
Completed 200 OK in 4960ms (Views: 4958.4ms | ActiveRecord: 0.0ms | Allocations: 93304)


Started GET "/" for ::1 at 2021-07-08 14:18:20 +0200
Processing by PagesController#home as HTML
  Rendering pages/home.html.erb within layouts/application
  Rendered pages/home.html.erb within layouts/application (Duration: 0.3ms | Allocations: 33)
[Webpacker] Everything's up-to-date. Nothing to do
  Rendered shared/_navbar.html.erb (Duration: 2.9ms | Allocations: 680)
  Rendered shared/_flashes.html.erb (Duration: 0.2ms | Allocations: 21)
Completed 200 OK in 5302ms (Views: 5298.3ms | ActiveRecord: 0.0ms | Allocations: 92833)


Started GET "/" for ::1 at 2021-07-08 14:19:00 +0200
Processing by PagesController#home as HTML
  Rendering pages/home.html.erb within layouts/application
  Rendered pages/home.html.erb within layouts/application (Duration: 1.6ms | Allocations: 151)
[Webpacker] Everything's up-to-date. Nothing to do
  Rendered shared/_navbar.html.erb (Duration: 8.2ms | Allocations: 1145)
  Rendered shared/_flashes.html.erb (Duration: 1.4ms | Allocations: 182)
Completed 200 OK in 126ms (Views: 122.5ms | ActiveRecord: 0.0ms | Allocations: 14170)


Started GET "/" for ::1 at 2021-07-08 14:19:06 +0200
Processing by PagesController#home as HTML
  Rendering pages/home.html.erb within layouts/application
  Rendered pages/home.html.erb within layouts/application (Duration: 2.2ms | Allocations: 145)
[Webpacker] Everything's up-to-date. Nothing to do
  Rendered shared/_navbar.html.erb (Duration: 7.7ms | Allocations: 1145)
  Rendered shared/_flashes.html.erb (Duration: 1.2ms | Allocations: 182)
Completed 200 OK in 146ms (Views: 141.5ms | ActiveRecord: 0.0ms | Allocations: 14146)


